<?xml version="1.0" encoding="ISO-8859-1"?>
<!--
    Copyright (C) 2009 eXo Platform SAS.

    This is free software; you can redistribute it and/or modify it
    under the terms of the GNU Lesser General Public License as
    published by the Free Software Foundation; either version 2.1 of
    the License, or (at your option) any later version.

    This software is distributed in the hope that it will be useful,
    but WITHOUT ANY WARRANTY; without even the implied warranty of
    MERCHANTABILITY or FITNESS FOR A PARTICULAR PURPOSE. See the GNU
    Lesser General Public License for more details.

    You should have received a copy of the GNU Lesser General Public
    License along with this software; if not, write to the Free
    Software Foundation, Inc., 51 Franklin St, Fifth Floor, Boston, MA
    02110-1301 USA, or see the FSF site: http://www.fsf.org.
-->
<configuration xmlns:xsi="http://www.w3.org/2001/XMLSchema-instance" xsi:schemaLocation="http://www.exoplaform.org/xml/ns/kernel_1_0.xsd http://www.exoplaform.org/xml/ns/kernel_1_0.xsd"
   xmlns="http://www.exoplaform.org/xml/ns/kernel_1_0.xsd">

   <component>
      <key>org.exoplatform.services.log.LogConfigurationInitializer</key>
      <type>org.exoplatform.services.log.LogConfigurationInitializer</type>
      <init-params>
         <value-param>
            <name>logger</name>
            <value>org.exoplatform.services.log.impl.BufferedLog4JLogger</value>
         </value-param>
         <value-param>
            <name>configurator</name>
            <value>org.exoplatform.services.log.impl.Log4JConfigurator</value>
         </value-param>
         <properties-param>
            <name>properties</name>
            <description>Log4J properties</description>
            <property name="log4j.rootLogger" value="INFO, stdout, file" />

            <property name="log4j.appender.stdout" value="org.apache.log4j.ConsoleAppender" />
            <property name="log4j.appender.stdout.threshold" value="INFO" />

            <property name="log4j.appender.stdout.layout" value="org.apache.log4j.PatternLayout" />
            <property name="log4j.appender.stdout.layout.ConversionPattern" value="%d{dd.MM.yyyy HH:mm:ss} *%-5p* [%t] %c{1}: %m (%F, line %L) %n" />

            <property name="log4j.appender.file" value="org.apache.log4j.FileAppender" />
            <property name="log4j.appender.file.File" value="target/jcr.log" />

            <property name="log4j.appender.file.layout" value="org.apache.log4j.PatternLayout" />
            <property name="log4j.appender.file.layout.ConversionPattern" value="%d{dd.MM.yyyy HH:mm:ss} *%-5p* [%t] %c{1}: %m (%F, line %L) %n" />

            <!-- property name="log4j.category.ext.BackupScheduler" value="DEBUG"/>
            <property name="log4j.category.ext.BackupManagerImpl" value="DEBUG"/ -->
            <property name="log4j.category.jcr.ext.RestRepositoryService" value="DEBUG" />

            <property name="log4j.logger.exo.ws.rest.core.RequestHandlerImpl" value="DEBUG" />
            <property name="log4j.logger.exo.ws.rest.core.DefaultMethodInvoker" value="DEBUG" />
         </properties-param>
      </init-params>
   </component>

   <component>
      <type>org.exoplatform.services.jcr.ext.app.ThreadLocalSessionProviderService</type>
   </component>

   <component>
      <type>org.exoplatform.services.organization.impl.mock.DummyOrganizationService</type>
   </component>

   <component>
      <key>org.exoplatform.services.security.Authenticator</key>
      <type>org.exoplatform.services.organization.auth.OrganizationAuthenticatorImpl</type>
   </component>

   <component>
      <key>org.exoplatform.services.jcr.RepositoryService</key>
      <type>org.exoplatform.services.jcr.impl.RepositoryServiceImpl</type>
      <component-plugins>
         <component-plugin>
            <name>add.namespaces</name>
            <set-method>addPlugin</set-method>
            <type>org.exoplatform.services.jcr.impl.AddNamespacesPlugin</type>
            <init-params>
               <properties-param>
                  <name>namespaces</name>
                  <property name="dc" value="http://purl.org/dc/elements/1.1/" />
               </properties-param>
            </init-params>
         </component-plugin>
      </component-plugins>
   </component>

   <component>
      <key>org.exoplatform.services.jcr.config.RepositoryServiceConfiguration</key>
      <type>org.exoplatform.services.jcr.impl.config.RepositoryServiceConfigurationImpl</type>
      <init-params>
         <value-param>
            <name>conf-path</name>
            <description>JCR configuration file</description>
            <value>jar:/conf/standalone/test-jcr-ext-config.xml</value>
         </value-param>
      </init-params>
   </component>

   <external-component-plugins>
      <target-component>org.exoplatform.services.naming.InitialContextInitializer</target-component>
      <component-plugin>
         <name>bind.datasource</name>
         <set-method>addPlugin</set-method>
         <type>org.exoplatform.services.naming.BindReferencePlugin</type>
         <init-params>
            <value-param>
               <name>bind-name</name>
               <value>jdbcjcr</value>
            </value-param>
            <value-param>
               <name>class-name</name>
               <value>javax.sql.DataSource</value>
            </value-param>
            <value-param>
               <name>factory</name>
               <value>org.apache.commons.dbcp.BasicDataSourceFactory</value>
            </value-param>
            <properties-param>
               <name>ref-addresses</name>
               <description>ref-addresses</description>
               <property name="driverClassName" value="org.hsqldb.jdbcDriver" />
               <property name="url" value="jdbc:hsqldb:file:target/temp/data/portal" />
               <property name="username" value="sa" />
               <property name="password" value="" />
            </properties-param>
         </init-params>
      </component-plugin>
   </external-component-plugins>

</configuration>

