<?xml version="1.0" encoding="ISO-8859-1"?>
<!--

    CODENVY CONFIDENTIAL
    __________________

    [2012] - [2013] Codenvy, S.A.
    All Rights Reserved.

    NOTICE:  All information contained herein is, and remains
    the property of Codenvy S.A. and its suppliers,
    if any.  The intellectual and technical concepts contained
    herein are proprietary to Codenvy S.A.
    and its suppliers and may be covered by U.S. and Foreign Patents,
    patents in process, and are protected by trade secret or copyright law.
    Dissemination of this information or reproduction of this material
    is strictly forbidden unless prior written permission is obtained
    from Codenvy S.A..

-->
<configuration xmlns:xsi="http://www.w3.org/2001/XMLSchema-instance"
               xsi:schemaLocation="http://www.exoplaform.org/xml/ns/kernel_1_0.xsd http://www.exoplaform.org/xml/ns/kernel_1_0.xsd"
               xmlns="http://www.exoplaform.org/xml/ns/kernel_1_0.xsd">

    <component>
        <key>org.exoplatform.services.log.LogConfigurationInitializer</key>
        <type>org.exoplatform.services.log.LogConfigurationInitializer</type>
        <init-params>
            <value-param>
                <name>logger</name>
                <value>org.exoplatform.services.log.impl.BufferedLog4JLogger</value>
            </value-param>
            <value-param>
                <name>configurator</name>
                <value>org.exoplatform.services.log.impl.Log4JConfigurator</value>
            </value-param>
            <properties-param>
                <name>properties</name>
                <description>Log4J properties</description>
                <property name="log4j.rootLogger" value="INFO, stdout, file"/>

                <property name="log4j.appender.stdout" value="org.apache.log4j.ConsoleAppender"/>
                <property name="log4j.appender.stdout.threshold" value="INFO"/>

                <property name="log4j.appender.stdout.layout" value="org.apache.log4j.PatternLayout"/>
                <property name="log4j.appender.stdout.layout.ConversionPattern"
                          value="%d{dd.MM.yyyy HH:mm:ss} *%-5p* [%t] %c{1}: %m (%F, line %L) %n"/>

                <property name="log4j.appender.file" value="org.apache.log4j.FileAppender"/>
                <property name="log4j.appender.file.File" value="target/jcr.log"/>

                <property name="log4j.appender.file.layout" value="org.apache.log4j.PatternLayout"/>
                <property name="log4j.appender.file.layout.ConversionPattern"
                          value="%d{dd.MM.yyyy HH:mm:ss} *%-5p* [%t] %c{1}: %m (%F, line %L) %n"/>

                <!-- property name="log4j.category.ext.BackupScheduler" value="DEBUG"/> <property name="log4j.category.ext.BackupManagerImpl" value="DEBUG"/ -->
                <property name="log4j.category.jcr.ext.RestRepositoryService" value="DEBUG"/>

            </properties-param>
        </init-params>
    </component>

    <component>
        <type>org.everrest.exoplatform.EverrestInitializer</type>
    </component>
    <component>
        <type>org.everrest.core.impl.ResourceBinderImpl</type>
    </component>
    <component>
        <type>org.everrest.exoplatform.ProvidersRegistry</type>
    </component>

    <component>
        <type>org.everrest.exoplatform.StartableApplication</type>
    </component>

    <component>
        <type>org.everrest.exoplatform.ExoRequestDispatcher</type>
    </component>

    <component>
        <type>org.everrest.exoplatform.ExoDependencySupplier</type>
    </component>

    <component>
        <key>org.everrest.core.RequestHandler</key>
        <type>org.everrest.exoplatform.ExoRequestHandler</type>
        <init-params>
            <value-param>
                <name>org.everrest.http.method.override</name>
                <value>true</value>
            </value-param>
        </init-params>
    </component>

    <component>
        <type>org.exoplatform.ide.vfs.server.observation.EventListenerList</type>
    </component>

    <component>
        <type>org.exoplatform.services.organization.impl.mock.DummyOrganizationService</type>
    </component>

    <component>
        <key>org.exoplatform.services.security.Authenticator</key>
        <type>org.exoplatform.services.organization.auth.OrganizationAuthenticatorImpl</type>
    </component>

    <component>
        <type>com.codenvy.ide.IDEServiceApplication</type>
        <init-params>
            <value-param>
                <name>defaultEntryPoint</name>
                <value>dev-monit</value>
            </value-param>
            <value-param>
                <name>discoverable</name>
                <value>true</value>
            </value-param>
            <value-param>
                <name>workspace</name>
                <value>ws2</value>
            </value-param>
            <value-param>
                <name>user-config</name>
                <value>/ide-home/users/</value>
            </value-param>
            <value-param>
                <name>template-config</name>
                <value>/ide-home/templates</value>
            </value-param>
        </init-params>
    </component>

    <component>
        <type>org.exoplatform.ide.vfs.server.VirtualFileSystemApplication</type>
    </component>

    <component>
        <type>org.exoplatform.ide.vfs.server.VirtualFileSystemRegistry</type>
    </component>

    <component>
        <type>org.exoplatform.ide.vfs.server.impl.memory.MemoryFileSystemInitializer</type>
        <init-params>
            <values-param>
                <name>id</name>
                <value>dev-monit</value>
                <value>ws2</value>
            </values-param>
        </init-params>
    </component>
</configuration>
