<?xml version="1.0" encoding="ISO-8859-1"?>
<!-- Copyright (C) 2010 eXo Platform SAS. This is free software; you can redistribute it and/or modify it under the terms of the GNU Lesser General Public License as published by the 
   Free Software Foundation; either version 2.1 of the License, or (at your option) any later version. This software is distributed in the hope that it will be useful, but WITHOUT ANY 
   WARRANTY; without even the implied warranty of MERCHANTABILITY or FITNESS FOR A PARTICULAR PURPOSE. See the GNU Lesser General Public License for more details. You should have received 
   a copy of the GNU Lesser General Public License along with this software; if not, write to the Free Software Foundation, Inc., 51 Franklin St, Fifth Floor, Boston, MA 02110-1301 USA, 
   or see the FSF site: http://www.fsf.org. -->
<configuration xmlns:xsi="http://www.w3.org/2001/XMLSchema-instance" xsi:schemaLocation="http://www.exoplaform.org/xml/ns/kernel_1_0.xsd http://www.exoplaform.org/xml/ns/kernel_1_0.xsd"
   xmlns="http://www.exoplaform.org/xml/ns/kernel_1_0.xsd">

   <component>
      <key>org.exoplatform.services.log.LogConfigurationInitializer</key>
      <type>org.exoplatform.services.log.LogConfigurationInitializer</type>
      <init-params>
         <value-param>
            <name>logger</name>
            <value>org.exoplatform.services.log.impl.BufferedLog4JLogger</value>
         </value-param>
         <value-param>
            <name>configurator</name>
            <value>org.exoplatform.services.log.impl.Log4JConfigurator</value>
         </value-param>
         <properties-param>
            <name>properties</name>
            <description>Log4J properties</description>
            <property name="log4j.rootLogger" value="INFO, stdout, file" />

            <property name="log4j.appender.stdout" value="org.apache.log4j.ConsoleAppender" />
            <property name="log4j.appender.stdout.threshold" value="INFO" />

            <property name="log4j.appender.stdout.layout" value="org.apache.log4j.PatternLayout" />
            <property name="log4j.appender.stdout.layout.ConversionPattern" value="%d{dd.MM.yyyy HH:mm:ss} *%-5p* [%t] %c{1}: %m (%F, line %L) %n" />

            <property name="log4j.appender.file" value="org.apache.log4j.FileAppender" />
            <property name="log4j.appender.file.File" value="target/jcr.log" />

            <property name="log4j.appender.file.layout" value="org.apache.log4j.PatternLayout" />
            <property name="log4j.appender.file.layout.ConversionPattern" value="%d{dd.MM.yyyy HH:mm:ss} *%-5p* [%t] %c{1}: %m (%F, line %L) %n" />

            <!-- property name="log4j.category.ext.BackupScheduler" value="DEBUG"/> <property name="log4j.category.ext.BackupManagerImpl" value="DEBUG"/ -->
            <property name="log4j.category.jcr.ext.RestRepositoryService" value="DEBUG" />

         </properties-param>
      </init-params>
   </component>

   <component>
      <type>org.exoplatform.services.jcr.ext.app.ThreadLocalSessionProviderService
		</type>
   </component>

   <component>
      <type>org.exoplatform.services.jcr.ext.registry.RESTRegistryService</type>
   </component>

   <component>
      <!-- <key>org.exoplatform.ide.vfs.webdav.WebDavVirtualFileSystemService</key> -->

      <!--type>org.exoplatform.ide.vfs.webdav.WebDavVirtualFileSystemService</type -->
      <type>org.exoplatform.services.jcr.webdav.WebDavServiceImpl</type>
      <init-params>
         <value-param>
            <name>auto-mix-lockable</name>
            <value>false</value>
         </value-param>

         <value-param>
            <name>def-folder-node-type</name>
            <value>nt:folder</value>
         </value-param>

         <value-param>
            <name>def-file-node-type</name>
            <value>nt:file</value>
         </value-param>

         <value-param>
            <name>def-file-mimetype</name>
            <value>text/plain</value>
         </value-param>

         <value-param>
            <name>update-policy</name>
            <value>create-version</value>
         </value-param>

         <!--value-param> <name>cache-control</name> <value>text/xml,text/html:max-age=1800;text/*:max-age=777;image/png,image/jpg:max-age=3600;*/*:no-cache;image/*:max-age=555</value> 
            </value-param -->
      </init-params>
   </component>

   <component>
      <type>org.exoplatform.services.jcr.ext.registry.RegistryService</type>
      <init-params>
         <properties-param>
            <name>locations</name>
         </properties-param>
      </init-params>
   </component>

   <component>
      <type>org.exoplatform.services.organization.impl.mock.DummyOrganizationService
		</type>
   </component>

   <component>
      <key>org.exoplatform.services.security.Authenticator</key>
      <type>org.exoplatform.services.organization.auth.OrganizationAuthenticatorImpl
		</type>
   </component>

   <component>
      <key>org.exoplatform.services.jcr.RepositoryService</key>
      <type>org.exoplatform.services.jcr.impl.RepositoryServiceImpl</type>
      <component-plugins>
         <component-plugin>
            <name>add.namespaces</name>
            <set-method>addPlugin</set-method>
            <type>org.exoplatform.services.jcr.impl.AddNamespacesPlugin</type>
            <init-params>
               <properties-param>
                  <name>namespaces</name>
                  <property name="dc" value="http://purl.org/dc/elements/1.1/" />
               </properties-param>
            </init-params>
         </component-plugin>
      </component-plugins>
   </component>

   <component>
      <key>org.exoplatform.services.jcr.config.RepositoryServiceConfiguration
		</key>
      <type>org.exoplatform.services.jcr.impl.config.RepositoryServiceConfigurationImpl
		</type>
      <init-params>
         <value-param>
            <name>conf-path</name>
            <description>JCR configuration file</description>
            <value>jar:/conf/standalone/test-jcr-ext-config.xml</value>
         </value-param>
      </init-params>
   </component>

   <component>
      <type>org.exoplatform.ide.IDEServiceApplication</type>
      <init-params>
         <value-param>
            <name>defaultEntryPoint</name>
            <value>dev-monit</value>
         </value-param>
         <value-param>
            <name>discoverable</name>
            <value>true</value>
         </value-param>
      </init-params>
   </component>

   <external-component-plugins>
      <target-component>org.exoplatform.services.naming.InitialContextInitializer</target-component>
      <component-plugin>
         <name>bind.datasource</name>
         <set-method>addPlugin</set-method>
         <type>org.exoplatform.services.naming.BindReferencePlugin</type>
         <init-params>
            <value-param>
               <name>bind-name</name>
               <value>jdbcjcr</value>
            </value-param>
            <value-param>
               <name>class-name</name>
               <value>javax.sql.DataSource</value>
            </value-param>
            <value-param>
               <name>factory</name>
               <value>org.apache.commons.dbcp.BasicDataSourceFactory</value>
            </value-param>
            <properties-param>
               <name>ref-addresses</name>
               <description>ref-addresses</description>
               <property name="driverClassName" value="org.hsqldb.jdbcDriver" />
               <property name="url" value="jdbc:hsqldb:file:target/temp/data/portal" />
               <property name="username" value="sa" />
               <property name="password" value="" />
            </properties-param>
         </init-params>
      </component-plugin>
   </external-component-plugins>

   <external-component-plugins>
      <target-component>org.exoplatform.services.rest.impl.RequestHandlerImpl</target-component>
      <component-plugin>
         <name>ws.rs.method.filter</name>
         <set-method>addPlugin</set-method>
         <type>org.exoplatform.services.rest.impl.method.MethodInvokerFilterComponentPlugin</type>
         <init-params>
            <value-param>
               <name>method.access.filter</name>
               <value>org.exoplatform.services.rest.ext.method.filter.MethodAccessFilter</value>
            </value-param>
         </init-params>
      </component-plugin>
      <component-plugin>
         <name>ws.rs.method.filter</name>
         <set-method>addPlugin</set-method>
         <type>org.exoplatform.services.rest.impl.method.MethodInvokerFilterComponentPlugin</type>
      </component-plugin>
      <component-plugin>
         <name>ws.rs.entity.provider</name>
         <set-method>addPlugin</set-method>
         <type>org.exoplatform.services.rest.impl.provider.EntityProviderComponentPlugin</type>
         <init-params>
            <value-param>
               <name>ws.rest.ext.HierarchicalPropertyEntityProvider</name>
               <value>org.exoplatform.services.rest.ext.provider.HierarchicalPropertyEntityProvider</value>
            </value-param>
         </init-params>
      </component-plugin>
      <component-plugin>
         <name>ws.rs.request.filter</name>
         <set-method>addPlugin</set-method>
         <type>org.exoplatform.services.rest.impl.RequestFilterComponentPlugin</type>
         <init-params>
            <value-param>
               <name>ws.rs.request.method-override-filter</name>
               <value>org.exoplatform.services.rest.ext.filter.MethodOverrideFilter</value>
            </value-param>
         </init-params>
      </component-plugin>
   </external-component-plugins>

   <external-component-plugins>
      <target-component>org.exoplatform.services.jcr.ext.registry.RegistryService</target-component>
      <component-plugin>
         <name>appConfig</name>
         <set-method>addPlugin</set-method>
         <type>org.exoplatform.services.jcr.ext.registry.RegistryInitializationEntryPlugin</type>
         <init-params>
            <value-param>
               <name>IDE</name>
               <value>
   <![CDATA[<IDE><configuration>{"context" : "/rest/private", "publicContext" : "/rest","gadgetServer" : "/eXoGadgetServer/gadgets/"}</configuration></IDE>]]>
               </value>
            </value-param>
         </init-params>
      </component-plugin>
   </external-component-plugins>   
   
</configuration>
