<?xml version="1.0" encoding="ISO-8859-1"?>
<!--

    Copyright (C) 2010 eXo Platform SAS.

    This is free software; you can redistribute it and/or modify it
    under the terms of the GNU Lesser General Public License as
    published by the Free Software Foundation; either version 2.1 of
    the License, or (at your option) any later version.

    This software is distributed in the hope that it will be useful,
    but WITHOUT ANY WARRANTY; without even the implied warranty of
    MERCHANTABILITY or FITNESS FOR A PARTICULAR PURPOSE. See the GNU
    Lesser General Public License for more details.

    You should have received a copy of the GNU Lesser General Public
    License along with this software; if not, write to the Free
    Software Foundation, Inc., 51 Franklin St, Fifth Floor, Boston, MA
    02110-1301 USA, or see the FSF site: http://www.fsf.org.

-->
<configuration xmlns:xsi="http://www.w3.org/2001/XMLSchema-instance" xsi:schemaLocation="http://www.exoplaform.org/xml/ns/kernel_1_0.xsd http://www.exoplaform.org/xml/ns/kernel_1_0.xsd" xmlns="http://www.exoplaform.org/xml/ns/kernel_1_0.xsd">

   <component>
      <type>org.exoplatform.ide.extension.ssh.server.KeyApplication</type>
   </component>

   <component>
      <type>org.exoplatform.ide.extension.ssh.server.SshKeyProvider</type>
      <init-params>
         <value-param>
            <name>workspace</name>
            <value>dev-monit</value>
         </value-param>
      </init-params>
   </component>

   <component>
      <key>org.exoplatform.services.log.LogConfigurationInitializer</key>
      <type>org.exoplatform.services.log.LogConfigurationInitializer</type>
      <init-params>
         <value-param>
            <name>logger</name>
            <value>org.exoplatform.services.log.impl.BufferedLog4JLogger</value>
         </value-param>
         <value-param>
            <name>configurator</name>
            <value>org.exoplatform.services.log.impl.Log4JConfigurator</value>
         </value-param>
         <properties-param>
            <name>properties</name>
            <description>Log4J properties</description>
            <property name="log4j.rootLogger" value="INFO, stdout, file" />
            <property name="log4j.appender.stdout" value="org.apache.log4j.ConsoleAppender" />
            <property name="log4j.appender.stdout.threshold" value="INFO" />
            <!--  <property name="log4j.appender.stdout.threshold" value="DEBUG" /> -->
            <property name="log4j.appender.stdout.layout" value="org.apache.log4j.PatternLayout" />
            <property name="log4j.appender.stdout.layout.ConversionPattern" value="%d{dd.MM.yyyy HH:mm:ss} *%-5p* [%t] %c{1}: %m (%F, line %L) %n" />
            <property name="log4j.appender.file" value="org.apache.log4j.FileAppender" />
            <property name="log4j.appender.file.File" value="target/jcr.log" />
            <property name="log4j.appender.file.layout" value="org.apache.log4j.PatternLayout" />
            <property name="log4j.appender.file.layout.ConversionPattern" value="%d{dd.MM.yyyy HH:mm:ss} *%-5p* [%t] %c{1}: %m (%F, line %L) %n" />
            <!-- <property name="log4j.category.org.everrest.core.impl.method.DefaultMethodInvoker" value="DEBUG" /> -->
         </properties-param>
      </init-params>
   </component>

   <component>
      <type>org.exoplatform.ide.vfs.server.VirtualFileSystemApplication</type>
   </component>

   <component>
      <type>org.exoplatform.ide.vfs.server.VirtualFileSystemRegistry</type>
   </component>
   
   <component>
      <type>org.exoplatform.ide.vfs.server.observation.EventListenerList</type>
   </component>

   <component>
      <type>org.exoplatform.ide.vfs.server.impl.memory.MemoryFileSystemInitializer</type>
      <init-params>
         <values-param>
            <name>ids</name>
            <value>dev-monit</value>
            <value>ws</value>
         </values-param>
      </init-params>
   </component>
   
   <component>
      <type>org.exoplatform.services.security.IdentityRegistry</type>
   </component>

   <component>
      <type>org.exoplatform.services.security.ConversationRegistry</type>
   </component>

   <component>
      <key>org.exoplatform.services.naming.InitialContextInitializer</key>
      <type>org.exoplatform.services.naming.InitialContextInitializer</type>
      <init-params>
         <properties-param>
            <name>default-properties</name>
            <description>Default initial context properties</description>
            <property name="java.naming.factory.initial" value="org.exoplatform.services.naming.SimpleContextFactory" />
         </properties-param>
      </init-params>
   </component>


   <component>
      <key>org.exoplatform.services.idgenerator.IDGeneratorService</key>
      <type>org.exoplatform.services.idgenerator.impl.IDGeneratorServiceImpl</type>
   </component>


   <component>
      <type>org.everrest.exoplatform.EverrestInitializer</type>
   </component>
   <component>
      <type>org.everrest.exoplatform.StartableApplication</type>
   </component>
   <component>
      <type>org.everrest.exoplatform.ProvidersRegistry</type>
   </component>
   <component>
      <type>org.everrest.exoplatform.ExoDependencySupplier</type>
   </component>
   <component>
      <type>org.everrest.exoplatform.ExoRequestDispatcher</type>
   </component>
   <component>
      <type>org.everrest.exoplatform.ExoRequestHandler</type>
   </component>
   <component>
      <type>org.everrest.core.impl.ResourceBinderImpl</type>
   </component>

</configuration>
