<?xml version="1.0" encoding="ISO-8859-1"?>
<!-- Copyright (C) 2011 eXo Platform SAS. This is free software; you can 
   redistribute it and/or modify it under the terms of the GNU Lesser General 
   Public License as published by the Free Software Foundation; either version 
   2.1 of the License, or (at your option) any later version. This software 
   is distributed in the hope that it will be useful, but WITHOUT ANY WARRANTY; 
   without even the implied warranty of MERCHANTABILITY or FITNESS FOR A PARTICULAR 
   PURPOSE. See the GNU Lesser General Public License for more details. You 
   should have received a copy of the GNU Lesser General Public License along 
   with this software; if not, write to the Free Software Foundation, Inc., 
   51 Franklin St, Fifth Floor, Boston, MA 02110-1301 USA, or see the FSF site: 
   http://www.fsf.org. -->
<configuration xmlns:xsi="http://www.w3.org/2001/XMLSchema-instance" xsi:schemaLocation="http://www.exoplaform.org/xml/ns/kernel_1_0.xsd http://www.exoplaform.org/xml/ns/kernel_1_0.xsd"
   xmlns="http://www.exoplaform.org/xml/ns/kernel_1_0.xsd">

   <component>
      <key>org.exoplatform.services.log.LogConfigurationInitializer
      </key>
      <type>org.exoplatform.services.log.LogConfigurationInitializer
      </type>
      <init-params>
         <value-param>
            <name>logger</name>
            <value>org.exoplatform.services.log.impl.BufferedLog4JLogger
            </value>
         </value-param>
         <value-param>
            <name>configurator</name>
            <value>org.exoplatform.services.log.impl.Log4JConfigurator
            </value>
         </value-param>
         <properties-param>
            <name>properties</name>
            <description>Log4J properties</description>
            <property name="log4j.rootLogger" value="DEBUG, stdout, file"/>

            <property name="log4j.appender.stdout" value="org.apache.log4j.ConsoleAppender"/>
            <property name="log4j.appender.stdout.threshold" value="INFO"/>

            <property name="log4j.appender.stdout.layout" value="org.apache.log4j.PatternLayout"/>
            <property name="log4j.appender.stdout.layout.ConversionPattern" value="%d{dd.MM.yyyy HH:mm:ss} *%-5p* [%t] %c{1}: %m (%F, line %L) %n"/>

            <property name="log4j.appender.file" value="org.apache.log4j.FileAppender"/>
            <property name="log4j.appender.file.File" value="target/jcr.log"/>

            <property name="log4j.appender.file.layout" value="org.apache.log4j.PatternLayout"/>
            <property name="log4j.appender.file.layout.ConversionPattern" value="%d{dd.MM.yyyy HH:mm:ss} *%-5p* [%t] %c{1}: %m (%F, line %L) %n"/>

            <!-- property name="log4j.category.ext.BackupScheduler" value="DEBUG"/> 
               <property name="log4j.category.ext.BackupManagerImpl" value="DEBUG"/ -->
            <property name="log4j.category.jcr.ext.RestRepositoryService" value="DEBUG"/>

            <property name="log4j.logger.exo.ws.rest.core.RequestHandlerImpl" value="DEBUG"/>
            <property name="log4j.logger.exo.ws.rest.core.DefaultMethodInvoker" value="DEBUG"/>


         </properties-param>
      </init-params>
   </component>
   
   <component>
      <type>org.exoplatform.ide.vfs.server.observation.EventListenerList</type>
   </component>   

   <component>
      <type>org.exoplatform.ide.vfs.server.VirtualFileSystemApplication
      </type>
   </component>

   <component>
      <type>org.exoplatform.ide.vfs.server.VirtualFileSystemRegistry</type>
   </component>

    <component>
      <type>org.exoplatform.ide.vfs.server.impl.memory.MemoryFileSystemInitializer</type>
      <init-params>
         <values-param>
            <name>id</name>
            <value>dev-monit</value>
            <value>ws</value>
         </values-param>
      </init-params>
   </component>

   <component>
      <type>org.everrest.exoplatform.EverrestInitializer</type>
   </component>
   
   <component>
      <type>org.everrest.core.impl.ResourceBinderImpl</type>
   </component>
   
   <component>
      <type>org.everrest.exoplatform.ProvidersRegistry</type>
   </component>

   <component>
      <type>org.everrest.exoplatform.StartableApplication</type>
   </component>

   <component>
      <type>org.everrest.exoplatform.ExoRequestDispatcher</type>
   </component>

   <component>
      <type>org.everrest.exoplatform.ExoDependencySupplier</type>
   </component>

   <component>
      <key>org.everrest.core.RequestHandler</key>
      <type>org.everrest.exoplatform.ExoRequestHandler</type>
      <init-params>
         <value-param>
            <name>org.everrest.http.method.override</name>
            <value>true</value>
         </value-param>
      </init-params>
   </component>

    <component>                                                                                                                                                                                                 
     <type>org.exoplatform.ide.codeassistant.storage.lucene.ExoFsLuceneInfoStorage</type>                                                                                                                      
     <init-params>                                                                                                                                                                                             
       <value-param>                                                                                                                                                                                           
            <name>storage-path</name>                                                                                                                                                                          
            <value>target/ide-codeassistant-lucene-index</value>                                                                                                                                                             
         </value-param>                                                                                                                                                                                        
     </init-params>                                                                                                                                                                                            
   </component>                                                                                                                                                                                                
                                                                                                                                                                                                               
   <component>                                                                                                                                                                                                 
     <key>org.exoplatform.ide.codeassistant.api.CodeAssistantStorage</key>                                                                                                                                     
     <type>org.exoplatform.ide.codeassistant.jvm.CodeAssistantStorageClient</type>                                                                                                                  
   </component>        

   <component>
      <type>org.exoplatform.ide.extension.java.server.JavaCodeAssistant</type>
   </component>
   
   <component>
      <type>org.exoplatform.ide.extension.java.server.JavaServiceApplication</type>
   </component>

   <component>
      <type>org.exoplatform.services.organization.impl.mock.DummyOrganizationService
      </type>
   </component>

   <component>
      <key>org.exoplatform.services.security.Authenticator</key>
      <type>org.exoplatform.services.organization.auth.OrganizationAuthenticatorImpl
      </type>
   </component>
  
</configuration>

