<!--

    CODENVY CONFIDENTIAL
    __________________

    [2012] - [2013] Codenvy, S.A.
    All Rights Reserved.

    NOTICE:  All information contained herein is, and remains
    the property of Codenvy S.A. and its suppliers,
    if any.  The intellectual and technical concepts contained
    herein are proprietary to Codenvy S.A.
    and its suppliers and may be covered by U.S. and Foreign Patents,
    patents in process, and are protected by trade secret or copyright law.
    Dissemination of this information or reproduction of this material
    is strictly forbidden unless prior written permission is obtained
    from Codenvy S.A..

-->
<nodeTypes xmlns:nt="http://www.jcp.org/jcr/nt/1.0" xmlns:mix="http://www.jcp.org/jcr/mix/1.0" xmlns:jcr="http://www.jcp.org/jcr/1.0" xmlns:dc="http://purl.org/dc/elements/1.1">

   <nodeType name="exo:unstructuredMixin" isMixin="true" hasOrderableChildNodes="false" primaryItemName="">
      <supertypes>
         <supertype>nt:base</supertype>
      </supertypes>
      <propertyDefinitions>
         <propertyDefinition name="*" requiredType="undefined" autoCreated="false" mandatory="false" onParentVersion="COPY" protected="false" multiple="false">
         </propertyDefinition>
         <propertyDefinition name="*" requiredType="undefined" autoCreated="false" mandatory="false" onParentVersion="COPY" protected="false" multiple="true">
         </propertyDefinition>
      </propertyDefinitions>
   </nodeType>

   <nodeType name="exo:extFile" isMixin="false" hasOrderableChildNodes="false" primaryItemName="">
      <supertypes>
         <supertype>nt:file</supertype>
      </supertypes>
      <propertyDefinitions>
         <propertyDefinition name="*" requiredType="undefined" autoCreated="false" mandatory="false" onParentVersion="COPY" protected="false" multiple="false">
         </propertyDefinition>
      </propertyDefinitions>
   </nodeType>

   <nodeType name="exo:extResource" isMixin="false" hasOrderableChildNodes="false" primaryItemName="">
      <supertypes>
         <supertype>nt:resource</supertype>
      </supertypes>
      <propertyDefinitions>
         <propertyDefinition name="a" requiredType="String" autoCreated="false" mandatory="false" onParentVersion="COPY" protected="false" multiple="false">
         </propertyDefinition>
         <propertyDefinition name="b" requiredType="String" autoCreated="false" mandatory="false" onParentVersion="COPY" protected="false" multiple="false">
         </propertyDefinition>
         <propertyDefinition name="c" requiredType="String" autoCreated="false" mandatory="false" onParentVersion="COPY" protected="false" multiple="false">
         </propertyDefinition>
         <propertyDefinition name="d" requiredType="String" autoCreated="false" mandatory="false" onParentVersion="COPY" protected="false" multiple="false">
         </propertyDefinition>
         <propertyDefinition name="*" requiredType="undefined" autoCreated="false" mandatory="false" onParentVersion="COPY" protected="false" multiple="false">
         </propertyDefinition>
      </propertyDefinitions>
   </nodeType>
</nodeTypes>