<!--

    Copyright (C) 2010 eXo Platform SAS.

    This is free software; you can redistribute it and/or modify it
    under the terms of the GNU Lesser General Public License as
    published by the Free Software Foundation; either version 2.1 of
    the License, or (at your option) any later version.

    This software is distributed in the hope that it will be useful,
    but WITHOUT ANY WARRANTY; without even the implied warranty of
    MERCHANTABILITY or FITNESS FOR A PARTICULAR PURPOSE. See the GNU
    Lesser General Public License for more details.

    You should have received a copy of the GNU Lesser General Public
    License along with this software; if not, write to the Free
    Software Foundation, Inc., 51 Franklin St, Fifth Floor, Boston, MA
    02110-1301 USA, or see the FSF site: http://www.fsf.org.

-->
<nodeTypes xmlns:nt="http://www.jcp.org/jcr/nt/1.0" xmlns:mix="http://www.jcp.org/jcr/mix/1.0" xmlns:jcr="http://www.jcp.org/jcr/1.0" xmlns:dc="http://purl.org/dc/elements/1.1">

   <nodeType name="exo:unstructuredMixin" isMixin="true" hasOrderableChildNodes="false" primaryItemName="">
      <supertypes>
         <supertype>nt:base</supertype>
      </supertypes>
      <propertyDefinitions>
         <propertyDefinition name="*" requiredType="undefined" autoCreated="false" mandatory="false" onParentVersion="COPY" protected="false" multiple="false">
         </propertyDefinition>
         <propertyDefinition name="*" requiredType="undefined" autoCreated="false" mandatory="false" onParentVersion="COPY" protected="false" multiple="true">
         </propertyDefinition>
      </propertyDefinitions>
   </nodeType>

   <nodeType name="exo:extFile" isMixin="false" hasOrderableChildNodes="false" primaryItemName="">
      <supertypes>
         <supertype>nt:file</supertype>
      </supertypes>
      <propertyDefinitions>
         <propertyDefinition name="*" requiredType="undefined" autoCreated="false" mandatory="false" onParentVersion="COPY" protected="false" multiple="false">
         </propertyDefinition>
      </propertyDefinitions>
   </nodeType>

   <nodeType name="exo:extResource" isMixin="false" hasOrderableChildNodes="false" primaryItemName="">
      <supertypes>
         <supertype>nt:resource</supertype>
      </supertypes>
      <propertyDefinitions>
         <propertyDefinition name="a" requiredType="String" autoCreated="false" mandatory="false" onParentVersion="COPY" protected="false" multiple="false">
         </propertyDefinition>
         <propertyDefinition name="b" requiredType="String" autoCreated="false" mandatory="false" onParentVersion="COPY" protected="false" multiple="false">
         </propertyDefinition>
         <propertyDefinition name="c" requiredType="String" autoCreated="false" mandatory="false" onParentVersion="COPY" protected="false" multiple="false">
         </propertyDefinition>
         <propertyDefinition name="d" requiredType="String" autoCreated="false" mandatory="false" onParentVersion="COPY" protected="false" multiple="false">
         </propertyDefinition>
         <propertyDefinition name="*" requiredType="undefined" autoCreated="false" mandatory="false" onParentVersion="COPY" protected="false" multiple="false">
         </propertyDefinition>
      </propertyDefinitions>
   </nodeType>
</nodeTypes>