<!--

    Copyright (C) 2010 eXo Platform SAS.

    This is free software; you can redistribute it and/or modify it
    under the terms of the GNU Lesser General Public License as
    published by the Free Software Foundation; either version 2.1 of
    the License, or (at your option) any later version.

    This software is distributed in the hope that it will be useful,
    but WITHOUT ANY WARRANTY; without even the implied warranty of
    MERCHANTABILITY or FITNESS FOR A PARTICULAR PURPOSE. See the GNU
    Lesser General Public License for more details.

    You should have received a copy of the GNU Lesser General Public
    License along with this software; if not, write to the Free
    Software Foundation, Inc., 51 Franklin St, Fifth Floor, Boston, MA
    02110-1301 USA, or see the FSF site: http://www.fsf.org.

-->
<repository-service default-repository="db1">
   <repositories>
      <repository name="db1" system-workspace="ws" default-workspace="ws">
         <security-domain>exo-domain</security-domain>
         <access-control>optional</access-control>
         <authentication-policy>org.exoplatform.services.jcr.impl.core.access.JAASAuthenticator</authentication-policy>
         <workspaces>
            <workspace name="ws">
               <!-- for system storage -->
               <container class="org.exoplatform.services.jcr.impl.storage.jdbc.optimisation.CQJDBCWorkspaceDataContainer">
                  <properties>
                     <property name="source-name" value="jdbcjcr" />
                     <property name="dialect" value="hsqldb" />
                     <property name="multi-db" value="true" />
                     <property name="update-storage" value="true" />
                     <property name="max-buffer-size" value="200k" />
                     <property name="swap-directory" value="target/temp/swap/ws" />
                  </properties>
               </container>
               <cache enabled="true">
                  <properties>
                     <property name="max-size" value="5k" />
                     <property name="live-time" value="1h" />
                  </properties>
               </cache>
               <query-handler class="org.exoplatform.services.jcr.impl.core.query.lucene.SearchIndex">
                  <properties>
                     <property name="index-dir" value="target/temp/index/ws" />
                  </properties>
               </query-handler>
            </workspace>
          </workspaces>
      </repository>
   </repositories>
</repository-service>
